#
# A fatal error has been detected by the Java Runtime Environment:
#
#  EXCEPTION_ACCESS_VIOLATION (0xc0000005) at pc=0x000007fee45cd6c4, pid=7340, tid=2144
#
# JRE version: Java(TM) SE Runtime Environment (7.0_60-b19) (build 1.7.0_60-b19)
# Java VM: Java HotSpot(TM) 64-Bit Server VM (24.60-b09 mixed mode windows-amd64 compressed oops)
# Problematic frame:
# C  [OPENGL32.dll+0xdd6c4]
#
# Failed to write core dump. Minidumps are not enabled by default on client versions of Windows
#
# If you would like to submit a bug report, please visit:
#   http://bugreport.sun.com/bugreport/crash.jsp
#

---------------  T H R E A D  ---------------

Current thread (0x000000000a9d9000):  VMThread [stack: 0x000000000b9b0000,0x000000000bab0000] [id=2144]

siginfo: ExceptionCode=0xc0000005, reading address 0x0000000000000a38

Registers:
RAX=0x0000000000000000, RBX=0x000000001215adb0, RCX=0x0000000000000001, RDX=0x000000001215adb8
RSP=0x000000000baaf398, RBP=0x0000000000000000, RSI=0x000000001215ce00, RDI=0x000000001215ce00
R8 =0x000000000baaf418, R9 =0x000000000a8d57d0, R10=0x0000000010b35330, R11=0x000000000baaf162
R12=0x0000000000000000, R13=0x0000000013a18270, R14=0x0000000013a18120, R15=0x0000000000000000
RIP=0x000007fee45cd6c4, EFLAGS=0x0000000000010283

Top of Stack: (sp=0x000000000baaf398)
0x000000000baaf398:   000007fee1c61a7b 0000000000000001
0x000000000baaf3a8:   000000001215adb8 000000000baaf418
0x000000000baaf3b8:   000000000a8d57d0 0000000000000000
0x000000000baaf3c8:   000007fee1c67547 0000000013a18270
0x000000000baaf3d8:   0000000000000001 0000000013a18250
0x000000000baaf3e8:   0000000013a18120 fffffffffffffffe
0x000000000baaf3f8:   0000000077202a7a 0000000000000000
0x000000000baaf408:   000007fee1c67c19 000000001215ce00
0x000000000baaf418:   000000001215fc60 000007fee1d503c0
0x000000000baaf428:   000007fee1ce4158 fffffffffffffffe
0x000000000baaf438:   0000000013a1b620 0000000000000001
0x000000000baaf448:   0000000013a18248 0000000013a18120
0x000000000baaf458:   000007fee1cec20d 000007fee1e244d0
0x000000000baaf468:   000007fee1d503b0 000000000a8d57d0
0x000000000baaf478:   000000000a9dbf90 0000000013a18248
0x000000000baaf488:   0000000013a18120 0000000013a18120 

Instructions: (pc=0x000007fee45cd6c4)
0x000007fee45cd6a4:   cc cc cc cc cc cc 66 0f 1f 44 00 00 8b 05 16 0c
0x000007fee45cd6b4:   01 00 83 f8 40 73 0f 65 48 8b 04 c5 80 14 00 00
0x000007fee45cd6c4:   ff a0 38 0a 00 00 b8 47 01 00 00 e9 ec d4 ff ff
0x000007fee45cd6d4:   cc cc cc cc cc cc 66 0f 1f 44 00 00 8b 05 e6 0b 


Register to memory mapping:

RAX=0x0000000000000000 is an unknown value
RBX=0x000000001215adb0 is an unknown value
RCX=0x0000000000000001 is an unknown value
RDX=0x000000001215adb8 is an unknown value
RSP=0x000000000baaf398 is an unknown value
RBP=0x0000000000000000 is an unknown value
RSI=0x000000001215ce00 is an unknown value
RDI=0x000000001215ce00 is an unknown value
R8 =0x000000000baaf418 is an unknown value
R9 =0x000000000a8d57d0 is an unknown value
R10=0x0000000010b35330 is an unknown value
R11=0x000000000baaf162 is an unknown value
R12=0x0000000000000000 is an unknown value
R13=0x0000000013a18270 is an unknown value
R14=0x0000000013a18120 is an unknown value
R15=0x0000000000000000 is an unknown value


Stack: [0x000000000b9b0000,0x000000000bab0000],  sp=0x000000000baaf398,  free space=1020k
Native frames: (J=compiled Java code, j=interpreted, Vv=VM code, C=native code)
C  [OPENGL32.dll+0xdd6c4]

[error occurred during error reporting (printing native stack), id 0xc0000005]

VM_Operation (0x000000000e28f120): Exit, mode: safepoint, requested by thread 0x000000000c6b8000


---------------  P R O C E S S  ---------------

Java Threads: ( => current thread )
  0x000000000c6ad000 JavaThread "LWJGL Timer" daemon [_thread_blocked, id=8304, stack(0x0000000012020000,0x0000000012120000)]
  0x000000000c54c000 JavaThread "DestroyJavaVM" [_thread_blocked, id=3816, stack(0x00000000023f0000,0x00000000024f0000)]
  0x000000000c6b8000 JavaThread "LWJGL Application" [_thread_blocked, id=6836, stack(0x000000000e190000,0x000000000e290000)]
  0x000000000aa4f000 JavaThread "Service Thread" daemon [_thread_blocked, id=8920, stack(0x000000000bf80000,0x000000000c080000)]
  0x000000000aa4b000 JavaThread "C2 CompilerThread1" daemon [_thread_blocked, id=8272, stack(0x000000000bad0000,0x000000000bbd0000)]
  0x000000000aa49800 JavaThread "C2 CompilerThread0" daemon [_thread_blocked, id=6192, stack(0x000000000c280000,0x000000000c380000)]
  0x000000000aa48000 JavaThread "Attach Listener" daemon [_thread_blocked, id=8336, stack(0x000000000c0c0000,0x000000000c1c0000)]
  0x000000000a9e6000 JavaThread "Finalizer" daemon [_thread_blocked, id=9004, stack(0x000000000be80000,0x000000000bf80000)]
  0x000000000a9de800 JavaThread "Reference Handler" daemon [_thread_blocked, id=4916, stack(0x000000000bbf0000,0x000000000bcf0000)]

Other Threads:
=>0x000000000a9d9000 VMThread [stack: 0x000000000b9b0000,0x000000000bab0000] [id=2144]

VM state:at safepoint (shutting down)

VM Mutex/Monitor currently owned by a thread:  ([mutex/lock_event])
[0x000000000217d960] Threads_lock - owner thread: 0x000000000a9d9000

Heap
 PSYoungGen      total 38912K, used 13187K [0x00000007d5680000, 0x00000007d8180000, 0x0000000800000000)
  eden space 33792K, 39% used [0x00000007d5680000,0x00000007d6360cf0,0x00000007d7780000)
  from space 5120K, 0% used [0x00000007d7c80000,0x00000007d7c80000,0x00000007d8180000)
  to   space 5120K, 0% used [0x00000007d7780000,0x00000007d7780000,0x00000007d7c80000)
 ParOldGen       total 87040K, used 0K [0x0000000780400000, 0x0000000785900000, 0x00000007d5680000)
  object space 87040K, 0% used [0x0000000780400000,0x0000000780400000,0x0000000785900000)
 PSPermGen       total 21504K, used 6331K [0x000000077b200000, 0x000000077c700000, 0x0000000780400000)
  object space 21504K, 29% used [0x000000077b200000,0x000000077b82ece8,0x000000077c700000)

Card table byte_map: [0x00000000054f0000,0x0000000005920000] byte_map_base: 0x0000000001917000

Polling page: 0x0000000000220000

Code Cache  [0x00000000024f0000, 0x0000000002760000, 0x00000000054f0000)
 total_blobs=468 nmethods=75 adapters=347 free_code_cache=48546Kb largest_free_block=49693888

Compilation events (10 events):
Event: 13.546 Thread 0x000000000aa4b000 nmethod 70 0x00000000025815d0 code [0x0000000002581700, 0x0000000002581778]
Event: 13.546 Thread 0x000000000aa49800 nmethod 69 0x0000000002584210 code [0x0000000002584340, 0x00000000025843b8]
Event: 14.272 Thread 0x000000000aa4b000   72             java.lang.StringBuilder::append (8 bytes)
Event: 14.277 Thread 0x000000000aa4b000 nmethod 72 0x0000000002583950 code [0x0000000002583aa0, 0x0000000002583e58]
Event: 15.112 Thread 0x000000000aa49800   73             java.util.Arrays::copyOfRange (63 bytes)
Event: 15.115 Thread 0x000000000aa49800 nmethod 73 0x00000000025834d0 code [0x0000000002583620, 0x00000000025837f8]
Event: 15.145 Thread 0x000000000aa4b000   74             sun.misc.FloatingDecimal::dtoa (1421 bytes)
Event: 15.187 Thread 0x000000000aa4b000 nmethod 74 0x00000000025852d0 code [0x00000000025854e0, 0x0000000002586968]
Event: 16.762 Thread 0x000000000aa49800   75             java.nio.DirectByteBuffer::put (18 bytes)
Event: 16.763 Thread 0x000000000aa49800 nmethod 75 0x0000000002585010 code [0x0000000002585140, 0x00000000025851d8]

GC Heap History (0 events):
No events

Deoptimization events (0 events):
No events

Internal exceptions (10 events):
Event: 1.332 Thread 0x000000000c6b8000 Threw 0x00000007d62042e8 at C:\re\jdk7u60\1081\hotspot\src\share\vm\prims\jvm.cpp:1244
Event: 1.366 Thread 0x000000000c6b8000 Threw 0x00000007d6209758 at C:\re\jdk7u60\1081\hotspot\src\share\vm\prims\jvm.cpp:1244
Event: 1.367 Thread 0x000000000c6b8000 Threw 0x00000007d620df58 at C:\re\jdk7u60\1081\hotspot\src\share\vm\prims\jvm.cpp:1244
Event: 1.368 Thread 0x000000000c6b8000 Threw 0x00000007d6212590 at C:\re\jdk7u60\1081\hotspot\src\share\vm\prims\jvm.cpp:1244
Event: 4.002 Thread 0x000000000c6b8000 Threw 0x00000007d62335d0 at C:\re\jdk7u60\1081\hotspot\src\share\vm\prims\jvm.cpp:1244
Event: 4.004 Thread 0x000000000c6b8000 Threw 0x00000007d623e040 at C:\re\jdk7u60\1081\hotspot\src\share\vm\prims\jvm.cpp:1244
Event: 16.987 Thread 0x000000000c6b8000 Threw 0x00000007d62eafa0 at C:\re\jdk7u60\1081\hotspot\src\share\vm\prims\jvm.cpp:1244
Event: 16.988 Thread 0x000000000c6b8000 Threw 0x00000007d62ef2e8 at C:\re\jdk7u60\1081\hotspot\src\share\vm\prims\jvm.cpp:1244
Event: 16.989 Thread 0x000000000c6b8000 Threw 0x00000007d62f39a8 at C:\re\jdk7u60\1081\hotspot\src\share\vm\prims\jvm.cpp:1244
Event: 17.003 Thread 0x000000000c6b8000 Threw 0x00000007d62f8958 at C:\re\jdk7u60\1081\hotspot\src\share\vm\prims\jvm.cpp:1244

Events (10 events):
Event: 17.022 loading class 0x00000000020be650
Event: 17.022 loading class 0x00000000020be650 done
Event: 17.022 loading class 0x000000000c3e5360
Event: 17.022 loading class 0x000000000c3e5360 done
Event: 17.022 loading class 0x000000000c3e5330
Event: 17.022 loading class 0x000000000c3e52f0
Event: 17.023 loading class 0x000000000c3e52f0 done
Event: 17.023 loading class 0x000000000c3e5330 done
Event: 17.024 Thread 0x000000000aa40800 Thread exited: 0x000000000aa40800
Event: 17.025 Executing VM operation: Exit


Dynamic libraries:
0x000000013fd10000 - 0x000000013fd43000 	C:\Program Files\Java\jre7\bin\javaw.exe
0x0000000077760000 - 0x000000007790c000 	C:\Windows\SYSTEM32\ntdll.dll
0x00000000771e0000 - 0x00000000772ff000 	C:\Windows\system32\kernel32.dll
0x000007fefde50000 - 0x000007fefdebc000 	C:\Windows\system32\KERNELBASE.dll
0x000007feff4f0000 - 0x000007feff5cb000 	C:\Windows\system32\ADVAPI32.dll
0x000007feff840000 - 0x000007feff8df000 	C:\Windows\system32\msvcrt.dll
0x000007feff2d0000 - 0x000007feff2ef000 	C:\Windows\SYSTEM32\sechost.dll
0x000007feff2f0000 - 0x000007feff41e000 	C:\Windows\system32\RPCRT4.dll
0x0000000077450000 - 0x000000007754a000 	C:\Windows\system32\USER32.dll
0x000007feff620000 - 0x000007feff687000 	C:\Windows\system32\GDI32.dll
0x000007feff8e0000 - 0x000007feff8ee000 	C:\Windows\system32\LPK.dll
0x000007feff420000 - 0x000007feff4ea000 	C:\Windows\system32\USP10.dll
0x000007fefc7e0000 - 0x000007fefc9d4000 	C:\Windows\WinSxS\amd64_microsoft.windows.common-controls_6595b64144ccf1df_6.0.7600.16661_none_fa62ad231704eab7\COMCTL32.dll
0x000007feff740000 - 0x000007feff7b1000 	C:\Windows\system32\SHLWAPI.dll
0x000007fefdfc0000 - 0x000007fefdfee000 	C:\Windows\system32\IMM32.DLL
0x000007fefedd0000 - 0x000007fefeed9000 	C:\Windows\system32\MSCTF.dll
0x0000000053e60000 - 0x0000000053f32000 	C:\Program Files\Java\jre7\bin\msvcr100.dll
0x0000000053680000 - 0x0000000053e52000 	C:\Program Files\Java\jre7\bin\server\jvm.dll
0x000007fef4dc0000 - 0x000007fef4dc9000 	C:\Windows\system32\WSOCK32.dll
0x000007fefed80000 - 0x000007fefedcd000 	C:\Windows\system32\WS2_32.dll
0x000007feff730000 - 0x000007feff738000 	C:\Windows\system32\NSI.dll
0x000007fef5100000 - 0x000007fef513b000 	C:\Windows\system32\WINMM.dll
0x0000000077920000 - 0x0000000077927000 	C:\Windows\system32\PSAPI.DLL
0x0000000065f50000 - 0x0000000065f5f000 	C:\Program Files\Java\jre7\bin\verify.dll
0x0000000055e20000 - 0x0000000055e48000 	C:\Program Files\Java\jre7\bin\java.dll
0x0000000055f10000 - 0x0000000055f25000 	C:\Program Files\Java\jre7\bin\zip.dll
0x0000000065580000 - 0x0000000065616000 	C:\Users\Pablo Miranda\AppData\Local\Temp\libgdxPablo Miranda\7fa32aa6\gdx64.dll
0x000007fefd460000 - 0x000007fefd477000 	C:\Windows\system32\CRYPTSP.dll
0x000007fefd160000 - 0x000007fefd1a7000 	C:\Windows\system32\rsaenh.dll
0x000007fefcf10000 - 0x000007fefcf2e000 	C:\Windows\system32\USERENV.dll
0x000007fefdbd0000 - 0x000007fefdbdf000 	C:\Windows\system32\profapi.dll
0x000007fefdac0000 - 0x000007fefdacf000 	C:\Windows\system32\CRYPTBASE.dll
0x000000006b360000 - 0x000000006b379000 	C:\Program Files\Java\jre7\bin\net.dll
0x000007fefd400000 - 0x000007fefd454000 	C:\Windows\system32\mswsock.dll
0x000007fefd3f0000 - 0x000007fefd3f7000 	C:\Windows\System32\wship6.dll
0x000007fefb780000 - 0x000007fefb7a7000 	C:\Windows\system32\IPHLPAPI.DLL
0x000007fefb770000 - 0x000007fefb77b000 	C:\Windows\system32\WINNSI.DLL
0x000007fefb5b0000 - 0x000007fefb5c8000 	C:\Windows\system32\dhcpcsvc.DLL
0x000007fefb550000 - 0x000007fefb561000 	C:\Windows\system32\dhcpcsvc6.DLL
0x000000005f5e0000 - 0x000000005f5f1000 	C:\Program Files\Java\jre7\bin\nio.dll
0x0000000180000000 - 0x0000000180053000 	C:\Users\Pablo Miranda\AppData\Local\Temp\libgdxPablo Miranda\dc0f0009\lwjgl64.dll
0x000007fee44f0000 - 0x000007fee460d000 	C:\Windows\system32\OPENGL32.dll
0x000007feedda0000 - 0x000007feeddcd000 	C:\Windows\system32\GLU32.dll
0x000007fee6190000 - 0x000007fee6281000 	C:\Windows\system32\DDRAW.dll
0x000007feea9a0000 - 0x000007feea9a8000 	C:\Windows\system32\DCIMAN32.dll
0x000007fefeee0000 - 0x000007feff0b7000 	C:\Windows\system32\SETUPAPI.dll
0x000007fefddf0000 - 0x000007fefde26000 	C:\Windows\system32\CFGMGR32.dll
0x000007feff990000 - 0x000007feffa67000 	C:\Windows\system32\OLEAUT32.dll
0x000007feff0c0000 - 0x000007feff2c2000 	C:\Windows\system32\ole32.dll
0x000007fefde30000 - 0x000007fefde4a000 	C:\Windows\system32\DEVOBJ.dll
0x000007fefccd0000 - 0x000007fefcce8000 	C:\Windows\system32\dwmapi.dll
0x000007fefcd40000 - 0x000007fefcd4c000 	C:\Windows\system32\VERSION.dll
0x0000000005cd0000 - 0x0000000005d34000 	C:\Users\PABLOM~1\AppData\Local\Temp\libgdxPablo Miranda\dc0f0009\OpenAL64.dll
0x000007fefdff0000 - 0x000007fefed77000 	C:\Windows\system32\SHELL32.dll
0x000007fefc460000 - 0x000007fefc4b6000 	C:\Windows\system32\uxtheme.dll
0x000007feea930000 - 0x000007feea958000 	C:\Program Files (x86)\Raptr\ltc_help64-103398.dll
0x000007fefdf60000 - 0x000007fefdf99000 	C:\Windows\system32\WINTRUST.dll
0x000007fefdc80000 - 0x000007fefddea000 	C:\Windows\system32\CRYPT32.dll
0x000007fefdc70000 - 0x000007fefdc7f000 	C:\Windows\system32\MSASN1.dll
0x000007feff690000 - 0x000007feff729000 	C:\Windows\system32\CLBCatQ.DLL
0x000007fefc4c0000 - 0x000007fefc5ec000 	C:\Windows\System32\PROPSYS.dll
0x000007feee710000 - 0x000007feee798000 	C:\Windows\system32\dsound.dll
0x000007fefccf0000 - 0x000007fefcd1c000 	C:\Windows\system32\POWRPROF.dll
0x000007fefc340000 - 0x000007fefc38b000 	C:\Windows\System32\MMDevApi.dll
0x000007fef0500000 - 0x000007fef054f000 	C:\Windows\system32\AUDIOSES.DLL
0x000007feee390000 - 0x000007feee3a8000 	C:\Windows\system32\atig6pxx.dll
0x0000000068da0000 - 0x000000006ab9d000 	C:\Windows\system32\atio6axx.dll
0x000007feea350000 - 0x000007feea491000 	C:\Windows\system32\atiadlxx.dll
0x000007fefcd20000 - 0x000007fefcd31000 	C:\Windows\system32\WTSAPI32.dll
0x000007feebbf0000 - 0x000007feebc1c000 	C:\Windows\system32\atig6txx.dll
0x000007feefb40000 - 0x000007feefbdc000 	C:\Windows\system32\mscms.dll
0x000007fee51d0000 - 0x000007fee5212000 	C:\Windows\system32\icm32.dll
0x000007fefdfa0000 - 0x000007fefdfb9000 	C:\Windows\system32\imagehlp.dll
0x000007fefd5e0000 - 0x000007fefd62e000 	C:\Windows\system32\ncrypt.dll
0x000007fefd5b0000 - 0x000007fefd5d2000 	C:\Windows\system32\bcrypt.dll
0x000007fefd0a0000 - 0x000007fefd0ec000 	C:\Windows\system32\bcryptprimitives.dll
0x000007fefcef0000 - 0x000007fefcf0b000 	C:\Windows\system32\GPAPI.dll
0x000007fef3a60000 - 0x000007fef3a87000 	C:\Windows\system32\cryptnet.dll
0x000007feff5d0000 - 0x000007feff620000 	C:\Windows\system32\WLDAP32.dll
0x000007fefb610000 - 0x000007fefb619000 	C:\Windows\system32\SensApi.dll
0x000007fee1c00000 - 0x000007fee1e46000 	C:\PROGRA~2\Raptr\ltc_game64-103398.dll
0x000007fef0b80000 - 0x000007fef0ca5000 	C:\Windows\system32\dbghelp.dll

VM Arguments:
jvm_args: -Dfile.encoding=Cp1252 
java_command: com.nightcap.pewpew.desktop.DesktopLauncher
Launcher Type: SUN_STANDARD

Environment Variables:
JAVA_HOME=C:\Java\jdk1.7.0_21
PATH=C:\Program Files (x86)\NVIDIA Corporation\PhysX\Common;C:\Program Files\Common Files\Microsoft Shared\Windows Live;ywin/binC:\play-2.1.0;C:\springsource\apache-maven-3.0.4\bin;C:\Program Files (x86)\AMD APP\bin\x86_64;C:\Program Files (x86)\AMD APP\bin\x86;C:\Java\jdk1.7.0_17bin;C:\Windows\system32;C:\Windows;C:\Windows\System32\Wbem;C:\Windows\System32\WindowsPowerShell\v1.0\;C:\Program Files (x86)\ATI Technologies\ATI.ACE\Core-Static;c:\Program Files (x86)\Microsoft SQL Server\100\Tools\Binn\;c:\Program Files\Microsoft SQL Server\100\Tools\Binn\;c:\Program Files\Microsoft SQL Server\100\DTS\Binn\;C:\Java\jre7\bin;C:\Ruby187\bin;C:\Java\jdk1.7.0_21\bin;C:\Program Files (x86)\scala\\bin;C:\Program Files\MiKTeX 2.9\miktex\bin\x64\;C:\MinGW\bin;C:\MinGW\msys\1.0;C:\Program Files (x86)\AMD\ATI.ACE\Core-Static;C:\HashiCorp\Vagrant\bin;C:\Program Files (x86)\MySQL\MySQL Fabric 1.5.3 & MySQL Utilities 1.5.3 1.5\;C:\Program Files (x86)\MySQL\MySQL Fabric 1.5.3 & MySQL Utilities 1.5.3 1.5\Doctrine extensions for PHP\; C:\Python27;C:\Program Files\TortoiseGit\bin;C:\Program Files (x86)\Git\cmd;C:\Ruby187\bin;C:\Cygwin\bin;C:\Python27;C:\Python27\Scripts
USERNAME=Pablo Miranda
OS=Windows_NT
PROCESSOR_IDENTIFIER=AMD64 Family 21 Model 1 Stepping 2, AuthenticAMD



---------------  S Y S T E M  ---------------

OS: Windows 7 , 64 bit Build 7600 

CPU:total 4 (4 cores per cpu, 1 threads per core) family 21 model 1 stepping 2, cmov, cx8, fxsr, mmx, sse, sse2, sse3, ssse3, sse4.1, sse4.2, popcnt, aes, mmxext, 3dnowpref, lzcnt, sse4a, tsc, tscinvbit, tscinv

Memory: 4k page, physical 8369384k(5091052k free), swap 16736864k(10940188k free)

vm_info: Java HotSpot(TM) 64-Bit Server VM (24.60-b09) for windows-amd64 JRE (1.7.0_60-b19), built on May  7 2014 12:55:18 by "java_re" with unknown MS VC++:1600

time: Mon Oct 26 22:44:57 2015
elapsed time: 17 seconds

