#
# A fatal error has been detected by the Java Runtime Environment:
#
#  EXCEPTION_ACCESS_VIOLATION (0xc0000005) at pc=0x000007fee45cd6c4, pid=9132, tid=2092
#
# JRE version: Java(TM) SE Runtime Environment (7.0_60-b19) (build 1.7.0_60-b19)
# Java VM: Java HotSpot(TM) 64-Bit Server VM (24.60-b09 mixed mode windows-amd64 compressed oops)
# Problematic frame:
# C  [OPENGL32.dll+0xdd6c4]
#
# Failed to write core dump. Minidumps are not enabled by default on client versions of Windows
#
# If you would like to submit a bug report, please visit:
#   http://bugreport.sun.com/bugreport/crash.jsp
#

---------------  T H R E A D  ---------------

Current thread (0x000000000a91d000):  VMThread [stack: 0x000000000bb40000,0x000000000bc40000] [id=2092]

siginfo: ExceptionCode=0xc0000005, reading address 0x0000000000000a38

Registers:
RAX=0x0000000000000000, RBX=0x0000000011f3adb0, RCX=0x0000000000000001, RDX=0x0000000011f3adb8
RSP=0x000000000bc3f758, RBP=0x0000000000000000, RSI=0x0000000011f3ce00, RDI=0x0000000011f3ce00
R8 =0x000000000bc3f7d8, R9 =0x000000000a815400, R10=0x00000000107419b0, R11=0x000000000bc3f522
R12=0x0000000000000000, R13=0x0000000013798270, R14=0x0000000013798120, R15=0x0000000000000000
RIP=0x000007fee45cd6c4, EFLAGS=0x0000000000010283

Top of Stack: (sp=0x000000000bc3f758)
0x000000000bc3f758:   000007fee1c61a7b 0000000000000001
0x000000000bc3f768:   0000000011f3adb8 000000000bc3f7d8
0x000000000bc3f778:   000000000a815400 0000000000000000
0x000000000bc3f788:   000007fee1c67547 0000000013798270
0x000000000bc3f798:   0000000000000001 0000000013798250
0x000000000bc3f7a8:   0000000013798120 fffffffffffffffe
0x000000000bc3f7b8:   0000000077202a7a 0000000000000000
0x000000000bc3f7c8:   000007fee1c67c19 0000000011f3ce00
0x000000000bc3f7d8:   0000000011f40110 000007fee1d503c0
0x000000000bc3f7e8:   000007fee1ce4158 fffffffffffffffe
0x000000000bc3f7f8:   000000001379b620 0000000000000001
0x000000000bc3f808:   0000000013798248 0000000013798120
0x000000000bc3f818:   000007fee1cec20d 000007fee1e244d0
0x000000000bc3f828:   000007fee1d503b0 000000000a815400
0x000000000bc3f838:   000000000a862820 0000000013798248
0x000000000bc3f848:   0000000013798120 0000000013798120 

Instructions: (pc=0x000007fee45cd6c4)
0x000007fee45cd6a4:   cc cc cc cc cc cc 66 0f 1f 44 00 00 8b 05 16 0c
0x000007fee45cd6b4:   01 00 83 f8 40 73 0f 65 48 8b 04 c5 80 14 00 00
0x000007fee45cd6c4:   ff a0 38 0a 00 00 b8 47 01 00 00 e9 ec d4 ff ff
0x000007fee45cd6d4:   cc cc cc cc cc cc 66 0f 1f 44 00 00 8b 05 e6 0b 


Register to memory mapping:

RAX=0x0000000000000000 is an unknown value
RBX=0x0000000011f3adb0 is an unknown value
RCX=0x0000000000000001 is an unknown value
RDX=0x0000000011f3adb8 is an unknown value
RSP=0x000000000bc3f758 is an unknown value
RBP=0x0000000000000000 is an unknown value
RSI=0x0000000011f3ce00 is an unknown value
RDI=0x0000000011f3ce00 is an unknown value
R8 =0x000000000bc3f7d8 is an unknown value
R9 =0x000000000a815400 is an unknown value
R10=0x00000000107419b0 is an unknown value
R11=0x000000000bc3f522 is an unknown value
R12=0x0000000000000000 is an unknown value
R13=0x0000000013798270 is an unknown value
R14=0x0000000013798120 is an unknown value
R15=0x0000000000000000 is an unknown value


Stack: [0x000000000bb40000,0x000000000bc40000],  sp=0x000000000bc3f758,  free space=1021k
Native frames: (J=compiled Java code, j=interpreted, Vv=VM code, C=native code)
C  [OPENGL32.dll+0xdd6c4]

[error occurred during error reporting (printing native stack), id 0xc0000005]

VM_Operation (0x000000000d55f490): Exit, mode: safepoint, requested by thread 0x000000000c965000


---------------  P R O C E S S  ---------------

Java Threads: ( => current thread )
  0x000000000ca96000 JavaThread "LWJGL Timer" daemon [_thread_blocked, id=6224, stack(0x0000000011e00000,0x0000000011f00000)]
  0x00000000021df800 JavaThread "DestroyJavaVM" [_thread_blocked, id=4452, stack(0x00000000024c0000,0x00000000025c0000)]
  0x000000000c965000 JavaThread "LWJGL Application" [_thread_blocked, id=9056, stack(0x000000000d460000,0x000000000d560000)]
  0x000000000a993000 JavaThread "Service Thread" daemon [_thread_blocked, id=8712, stack(0x000000000c4e0000,0x000000000c5e0000)]
  0x000000000a991000 JavaThread "C2 CompilerThread1" daemon [_thread_blocked, id=8928, stack(0x000000000c350000,0x000000000c450000)]
  0x000000000a98c000 JavaThread "C2 CompilerThread0" daemon [_thread_blocked, id=3584, stack(0x000000000c150000,0x000000000c250000)]
  0x000000000a98b000 JavaThread "Attach Listener" daemon [_thread_blocked, id=6104, stack(0x000000000bda0000,0x000000000bea0000)]
  0x000000000a984000 JavaThread "Signal Dispatcher" daemon [_thread_blocked, id=8220, stack(0x000000000ba30000,0x000000000bb30000)]
  0x000000000a929800 JavaThread "Finalizer" daemon [_thread_blocked, id=7812, stack(0x000000000bea0000,0x000000000bfa0000)]
  0x000000000a922800 JavaThread "Reference Handler" daemon [_thread_blocked, id=8992, stack(0x000000000bc80000,0x000000000bd80000)]

Other Threads:
=>0x000000000a91d000 VMThread [stack: 0x000000000bb40000,0x000000000bc40000] [id=2092]

VM state:at safepoint (shutting down)

VM Mutex/Monitor currently owned by a thread:  ([mutex/lock_event])
[0x00000000021dd960] Threads_lock - owner thread: 0x000000000a91d000

Heap
 PSYoungGen      total 38912K, used 13867K [0x00000007d5680000, 0x00000007d8180000, 0x0000000800000000)
  eden space 33792K, 41% used [0x00000007d5680000,0x00000007d640aef8,0x00000007d7780000)
  from space 5120K, 0% used [0x00000007d7c80000,0x00000007d7c80000,0x00000007d8180000)
  to   space 5120K, 0% used [0x00000007d7780000,0x00000007d7780000,0x00000007d7c80000)
 ParOldGen       total 87040K, used 0K [0x0000000780400000, 0x0000000785900000, 0x00000007d5680000)
  object space 87040K, 0% used [0x0000000780400000,0x0000000780400000,0x0000000785900000)
 PSPermGen       total 21504K, used 6363K [0x000000077b200000, 0x000000077c700000, 0x0000000780400000)
  object space 21504K, 29% used [0x000000077b200000,0x000000077b836d28,0x000000077c700000)

Card table byte_map: [0x00000000055c0000,0x00000000059f0000] byte_map_base: 0x00000000019e7000

Polling page: 0x0000000001b50000

Code Cache  [0x00000000025c0000, 0x0000000002830000, 0x00000000055c0000)
 total_blobs=499 nmethods=106 adapters=347 free_code_cache=48495Kb largest_free_block=49629824

Compilation events (10 events):
Event: 34.637 Thread 0x000000000a991000 nmethod 101 0x0000000002667a50 code [0x0000000002667ba0, 0x0000000002667d28]
Event: 34.644 Thread 0x000000000a98c000 nmethod 100 0x000000000265b9d0 code [0x000000000265bc00, 0x000000000265c3e0]
Event: 39.901 Thread 0x000000000a991000  103             java.nio.Buffer::clear (20 bytes)
Event: 39.902 Thread 0x000000000a991000 nmethod 103 0x000000000265d710 code [0x000000000265d840, 0x000000000265d8b8]
Event: 40.051 Thread 0x000000000a98c000  104             java.io.BufferedWriter::ensureOpen (18 bytes)
Event: 40.051 Thread 0x000000000a991000  105             java.io.PrintStream::ensureOpen (18 bytes)
Event: 40.052 Thread 0x000000000a98c000 nmethod 104 0x000000000265d910 code [0x000000000265da40, 0x000000000265dab8]
Event: 40.052 Thread 0x000000000a991000 nmethod 105 0x000000000265d4d0 code [0x000000000265d600, 0x000000000265d678]
Event: 40.079 Thread 0x000000000a98c000  106   !         java.io.BufferedWriter::write (117 bytes)
Event: 40.091 Thread 0x000000000a98c000 nmethod 106 0x0000000002668b90 code [0x0000000002668ce0, 0x00000000026693c8]

GC Heap History (0 events):
No events

Deoptimization events (0 events):
No events

Internal exceptions (10 events):
Event: 1.249 Thread 0x000000000c965000 Threw 0x00000007d6205500 at C:\re\jdk7u60\1081\hotspot\src\share\vm\prims\jvm.cpp:1244
Event: 1.284 Thread 0x000000000c965000 Threw 0x00000007d620a970 at C:\re\jdk7u60\1081\hotspot\src\share\vm\prims\jvm.cpp:1244
Event: 1.284 Thread 0x000000000c965000 Threw 0x00000007d620f170 at C:\re\jdk7u60\1081\hotspot\src\share\vm\prims\jvm.cpp:1244
Event: 1.285 Thread 0x000000000c965000 Threw 0x00000007d62137d8 at C:\re\jdk7u60\1081\hotspot\src\share\vm\prims\jvm.cpp:1244
Event: 1.552 Thread 0x000000000c965000 Threw 0x00000007d621a180 at C:\re\jdk7u60\1081\hotspot\src\share\vm\prims\jvm.cpp:1244
Event: 1.554 Thread 0x000000000c965000 Threw 0x00000007d6224bf0 at C:\re\jdk7u60\1081\hotspot\src\share\vm\prims\jvm.cpp:1244
Event: 40.607 Thread 0x000000000c965000 Threw 0x00000007d63f16c0 at C:\re\jdk7u60\1081\hotspot\src\share\vm\prims\jvm.cpp:1244
Event: 40.608 Thread 0x000000000c965000 Threw 0x00000007d63f5a08 at C:\re\jdk7u60\1081\hotspot\src\share\vm\prims\jvm.cpp:1244
Event: 40.609 Thread 0x000000000c965000 Threw 0x00000007d63fa0c8 at C:\re\jdk7u60\1081\hotspot\src\share\vm\prims\jvm.cpp:1244
Event: 40.627 Thread 0x000000000c965000 Threw 0x00000007d63ff078 at C:\re\jdk7u60\1081\hotspot\src\share\vm\prims\jvm.cpp:1244

Events (10 events):
Event: 40.627 loading class 0x000000000ca919c0 done
Event: 40.650 loading class 0x000000000209e920
Event: 40.650 loading class 0x000000000209e920 done
Event: 40.650 loading class 0x000000000c8fda20
Event: 40.650 loading class 0x000000000c8fda20 done
Event: 40.650 loading class 0x000000000c8fd9f0
Event: 40.650 loading class 0x000000000c8fd9b0
Event: 40.650 loading class 0x000000000c8fd9b0 done
Event: 40.650 loading class 0x000000000c8fd9f0 done
Event: 40.650 Executing VM operation: Exit


Dynamic libraries:
0x000000013fbe0000 - 0x000000013fc13000 	C:\Program Files\Java\jre7\bin\javaw.exe
0x0000000077760000 - 0x000000007790c000 	C:\Windows\SYSTEM32\ntdll.dll
0x00000000771e0000 - 0x00000000772ff000 	C:\Windows\system32\kernel32.dll
0x000007fefde50000 - 0x000007fefdebc000 	C:\Windows\system32\KERNELBASE.dll
0x000007feff4f0000 - 0x000007feff5cb000 	C:\Windows\system32\ADVAPI32.dll
0x000007feff840000 - 0x000007feff8df000 	C:\Windows\system32\msvcrt.dll
0x000007feff2d0000 - 0x000007feff2ef000 	C:\Windows\SYSTEM32\sechost.dll
0x000007feff2f0000 - 0x000007feff41e000 	C:\Windows\system32\RPCRT4.dll
0x0000000077450000 - 0x000000007754a000 	C:\Windows\system32\USER32.dll
0x000007feff620000 - 0x000007feff687000 	C:\Windows\system32\GDI32.dll
0x000007feff8e0000 - 0x000007feff8ee000 	C:\Windows\system32\LPK.dll
0x000007feff420000 - 0x000007feff4ea000 	C:\Windows\system32\USP10.dll
0x000007fefc7e0000 - 0x000007fefc9d4000 	C:\Windows\WinSxS\amd64_microsoft.windows.common-controls_6595b64144ccf1df_6.0.7600.16661_none_fa62ad231704eab7\COMCTL32.dll
0x000007feff740000 - 0x000007feff7b1000 	C:\Windows\system32\SHLWAPI.dll
0x000007fefdfc0000 - 0x000007fefdfee000 	C:\Windows\system32\IMM32.DLL
0x000007fefedd0000 - 0x000007fefeed9000 	C:\Windows\system32\MSCTF.dll
0x0000000053e60000 - 0x0000000053f32000 	C:\Program Files\Java\jre7\bin\msvcr100.dll
0x0000000053680000 - 0x0000000053e52000 	C:\Program Files\Java\jre7\bin\server\jvm.dll
0x000007fef4dc0000 - 0x000007fef4dc9000 	C:\Windows\system32\WSOCK32.dll
0x000007fefed80000 - 0x000007fefedcd000 	C:\Windows\system32\WS2_32.dll
0x000007feff730000 - 0x000007feff738000 	C:\Windows\system32\NSI.dll
0x000007fef5100000 - 0x000007fef513b000 	C:\Windows\system32\WINMM.dll
0x0000000077920000 - 0x0000000077927000 	C:\Windows\system32\PSAPI.DLL
0x0000000065f50000 - 0x0000000065f5f000 	C:\Program Files\Java\jre7\bin\verify.dll
0x0000000055e20000 - 0x0000000055e48000 	C:\Program Files\Java\jre7\bin\java.dll
0x0000000055f10000 - 0x0000000055f25000 	C:\Program Files\Java\jre7\bin\zip.dll
0x0000000065580000 - 0x0000000065616000 	C:\Users\Pablo Miranda\AppData\Local\Temp\libgdxPablo Miranda\7fa32aa6\gdx64.dll
0x000007fefd460000 - 0x000007fefd477000 	C:\Windows\system32\CRYPTSP.dll
0x000007fefd160000 - 0x000007fefd1a7000 	C:\Windows\system32\rsaenh.dll
0x000007fefcf10000 - 0x000007fefcf2e000 	C:\Windows\system32\USERENV.dll
0x000007fefdbd0000 - 0x000007fefdbdf000 	C:\Windows\system32\profapi.dll
0x000007fefdac0000 - 0x000007fefdacf000 	C:\Windows\system32\CRYPTBASE.dll
0x000000006b360000 - 0x000000006b379000 	C:\Program Files\Java\jre7\bin\net.dll
0x000007fefd400000 - 0x000007fefd454000 	C:\Windows\system32\mswsock.dll
0x000007fefd3f0000 - 0x000007fefd3f7000 	C:\Windows\System32\wship6.dll
0x000007fefb780000 - 0x000007fefb7a7000 	C:\Windows\system32\IPHLPAPI.DLL
0x000007fefb770000 - 0x000007fefb77b000 	C:\Windows\system32\WINNSI.DLL
0x000007fefb5b0000 - 0x000007fefb5c8000 	C:\Windows\system32\dhcpcsvc.DLL
0x000007fefb550000 - 0x000007fefb561000 	C:\Windows\system32\dhcpcsvc6.DLL
0x000000005f5e0000 - 0x000000005f5f1000 	C:\Program Files\Java\jre7\bin\nio.dll
0x0000000180000000 - 0x0000000180053000 	C:\Users\Pablo Miranda\AppData\Local\Temp\libgdxPablo Miranda\dc0f0009\lwjgl64.dll
0x000007fee44f0000 - 0x000007fee460d000 	C:\Windows\system32\OPENGL32.dll
0x000007feedda0000 - 0x000007feeddcd000 	C:\Windows\system32\GLU32.dll
0x000007fee6190000 - 0x000007fee6281000 	C:\Windows\system32\DDRAW.dll
0x000007feea9a0000 - 0x000007feea9a8000 	C:\Windows\system32\DCIMAN32.dll
0x000007fefeee0000 - 0x000007feff0b7000 	C:\Windows\system32\SETUPAPI.dll
0x000007fefddf0000 - 0x000007fefde26000 	C:\Windows\system32\CFGMGR32.dll
0x000007feff990000 - 0x000007feffa67000 	C:\Windows\system32\OLEAUT32.dll
0x000007feff0c0000 - 0x000007feff2c2000 	C:\Windows\system32\ole32.dll
0x000007fefde30000 - 0x000007fefde4a000 	C:\Windows\system32\DEVOBJ.dll
0x000007fefccd0000 - 0x000007fefcce8000 	C:\Windows\system32\dwmapi.dll
0x000007fefcd40000 - 0x000007fefcd4c000 	C:\Windows\system32\VERSION.dll
0x0000000005dc0000 - 0x0000000005e24000 	C:\Users\PABLOM~1\AppData\Local\Temp\libgdxPablo Miranda\dc0f0009\OpenAL64.dll
0x000007fefdff0000 - 0x000007fefed77000 	C:\Windows\system32\SHELL32.dll
0x000007fefc460000 - 0x000007fefc4b6000 	C:\Windows\system32\uxtheme.dll
0x000007feea930000 - 0x000007feea958000 	C:\Program Files (x86)\Raptr\ltc_help64-103398.dll
0x000007fefdf60000 - 0x000007fefdf99000 	C:\Windows\system32\WINTRUST.dll
0x000007fefdc80000 - 0x000007fefddea000 	C:\Windows\system32\CRYPT32.dll
0x000007fefdc70000 - 0x000007fefdc7f000 	C:\Windows\system32\MSASN1.dll
0x000007feff690000 - 0x000007feff729000 	C:\Windows\system32\CLBCatQ.DLL
0x000007fefc4c0000 - 0x000007fefc5ec000 	C:\Windows\System32\PROPSYS.dll
0x000007feee710000 - 0x000007feee798000 	C:\Windows\system32\dsound.dll
0x000007fefccf0000 - 0x000007fefcd1c000 	C:\Windows\system32\POWRPROF.dll
0x000007fefc340000 - 0x000007fefc38b000 	C:\Windows\System32\MMDevApi.dll
0x000007fef0500000 - 0x000007fef054f000 	C:\Windows\system32\AUDIOSES.DLL
0x000007feedd40000 - 0x000007feedd58000 	C:\Windows\system32\atig6pxx.dll
0x00000000681f0000 - 0x0000000069fed000 	C:\Windows\system32\atio6axx.dll
0x000007feea350000 - 0x000007feea491000 	C:\Windows\system32\atiadlxx.dll
0x000007fefcd20000 - 0x000007fefcd31000 	C:\Windows\system32\WTSAPI32.dll
0x000007feebb10000 - 0x000007feebb3c000 	C:\Windows\system32\atig6txx.dll
0x000007feefb40000 - 0x000007feefbdc000 	C:\Windows\system32\mscms.dll
0x000007fee51d0000 - 0x000007fee5212000 	C:\Windows\system32\icm32.dll
0x000007fefdfa0000 - 0x000007fefdfb9000 	C:\Windows\system32\imagehlp.dll
0x000007fefd5e0000 - 0x000007fefd62e000 	C:\Windows\system32\ncrypt.dll
0x000007fefd5b0000 - 0x000007fefd5d2000 	C:\Windows\system32\bcrypt.dll
0x000007fefd0a0000 - 0x000007fefd0ec000 	C:\Windows\system32\bcryptprimitives.dll
0x000007fefcef0000 - 0x000007fefcf0b000 	C:\Windows\system32\GPAPI.dll
0x000007fef3a60000 - 0x000007fef3a87000 	C:\Windows\system32\cryptnet.dll
0x000007feff5d0000 - 0x000007feff620000 	C:\Windows\system32\WLDAP32.dll
0x000007fefb610000 - 0x000007fefb619000 	C:\Windows\system32\SensApi.dll
0x000007fee1c00000 - 0x000007fee1e46000 	C:\PROGRA~2\Raptr\ltc_game64-103398.dll
0x000007fef0b80000 - 0x000007fef0ca5000 	C:\Windows\system32\dbghelp.dll

VM Arguments:
jvm_args: -Dfile.encoding=Cp1252 
java_command: com.nightcap.pewpew.desktop.DesktopLauncher
Launcher Type: SUN_STANDARD

Environment Variables:
JAVA_HOME=C:\Java\jdk1.7.0_21
PATH=C:\Program Files (x86)\NVIDIA Corporation\PhysX\Common;C:\Program Files\Common Files\Microsoft Shared\Windows Live;ywin/binC:\play-2.1.0;C:\springsource\apache-maven-3.0.4\bin;C:\Program Files (x86)\AMD APP\bin\x86_64;C:\Program Files (x86)\AMD APP\bin\x86;C:\Java\jdk1.7.0_17bin;C:\Windows\system32;C:\Windows;C:\Windows\System32\Wbem;C:\Windows\System32\WindowsPowerShell\v1.0\;C:\Program Files (x86)\ATI Technologies\ATI.ACE\Core-Static;c:\Program Files (x86)\Microsoft SQL Server\100\Tools\Binn\;c:\Program Files\Microsoft SQL Server\100\Tools\Binn\;c:\Program Files\Microsoft SQL Server\100\DTS\Binn\;C:\Java\jre7\bin;C:\Ruby187\bin;C:\Java\jdk1.7.0_21\bin;C:\Program Files (x86)\scala\\bin;C:\Program Files\MiKTeX 2.9\miktex\bin\x64\;C:\MinGW\bin;C:\MinGW\msys\1.0;C:\Program Files (x86)\AMD\ATI.ACE\Core-Static;C:\HashiCorp\Vagrant\bin;C:\Program Files (x86)\MySQL\MySQL Fabric 1.5.3 & MySQL Utilities 1.5.3 1.5\;C:\Program Files (x86)\MySQL\MySQL Fabric 1.5.3 & MySQL Utilities 1.5.3 1.5\Doctrine extensions for PHP\; C:\Python27;C:\Program Files\TortoiseGit\bin;C:\Program Files (x86)\Git\cmd;C:\Ruby187\bin;C:\Cygwin\bin;C:\Python27;C:\Python27\Scripts
USERNAME=Pablo Miranda
OS=Windows_NT
PROCESSOR_IDENTIFIER=AMD64 Family 21 Model 1 Stepping 2, AuthenticAMD



---------------  S Y S T E M  ---------------

OS: Windows 7 , 64 bit Build 7600 

CPU:total 4 (4 cores per cpu, 1 threads per core) family 21 model 1 stepping 2, cmov, cx8, fxsr, mmx, sse, sse2, sse3, ssse3, sse4.1, sse4.2, popcnt, aes, mmxext, 3dnowpref, lzcnt, sse4a, tsc, tscinvbit, tscinv

Memory: 4k page, physical 8369384k(5141120k free), swap 16736864k(10968424k free)

vm_info: Java HotSpot(TM) 64-Bit Server VM (24.60-b09) for windows-amd64 JRE (1.7.0_60-b19), built on May  7 2014 12:55:18 by "java_re" with unknown MS VC++:1600

time: Mon Oct 26 21:41:26 2015
elapsed time: 40 seconds

