#
# A fatal error has been detected by the Java Runtime Environment:
#
#  EXCEPTION_ACCESS_VIOLATION (0xc0000005) at pc=0x000007fee277d6c4, pid=8424, tid=7968
#
# JRE version: Java(TM) SE Runtime Environment (7.0_60-b19) (build 1.7.0_60-b19)
# Java VM: Java HotSpot(TM) 64-Bit Server VM (24.60-b09 mixed mode windows-amd64 compressed oops)
# Problematic frame:
# C  [OPENGL32.dll+0xdd6c4]
#
# Failed to write core dump. Minidumps are not enabled by default on client versions of Windows
#
# If you would like to submit a bug report, please visit:
#   http://bugreport.sun.com/bugreport/crash.jsp
#

---------------  T H R E A D  ---------------

Current thread (0x000000000aa19000):  VMThread [stack: 0x000000000b980000,0x000000000ba80000] [id=7968]

siginfo: ExceptionCode=0xc0000005, reading address 0x0000000000000a38

Registers:
RAX=0x0000000000000000, RBX=0x00000000133eadf0, RCX=0x0000000000000001, RDX=0x00000000133eadf8
RSP=0x000000000ba7f418, RBP=0x0000000000000000, RSI=0x00000000133ece20, RDI=0x00000000133ece20
R8 =0x000000000ba7f498, R9 =0x000000000a9156d0, R10=0x0000000010981cd0, R11=0x000000000ba7f1e2
R12=0x0000000000000000, R13=0x000000000bf68270, R14=0x000000000bf68120, R15=0x0000000000000000
RIP=0x000007fee277d6c4, EFLAGS=0x0000000000010283

Top of Stack: (sp=0x000000000ba7f418)
0x000000000ba7f418:   000007fee1c61a7b 0000000000000001
0x000000000ba7f428:   00000000133eadf8 000000000ba7f498
0x000000000ba7f438:   000000000a9156d0 0000000000000000
0x000000000ba7f448:   000007fee1c67547 000000000bf68270
0x000000000ba7f458:   0000000000000001 000000000bf68250
0x000000000ba7f468:   000000000bf68120 fffffffffffffffe
0x000000000ba7f478:   0000000077202a7a 0000000000000000
0x000000000ba7f488:   000007fee1c67c19 00000000133ece20
0x000000000ba7f498:   00000000133efc80 000007fee1d503c0
0x000000000ba7f4a8:   000007fee1ce4158 fffffffffffffffe
0x000000000ba7f4b8:   000000000bf6b620 0000000000000001
0x000000000ba7f4c8:   000000000bf68248 000000000bf68120
0x000000000ba7f4d8:   000007fee1cec20d 000007fee1e244d0
0x000000000ba7f4e8:   000007fee1d503b0 000000000a9156d0
0x000000000ba7f4f8:   000000000aa1bfc0 000000000bf68248
0x000000000ba7f508:   000000000bf68120 000000000bf68120 

Instructions: (pc=0x000007fee277d6c4)
0x000007fee277d6a4:   cc cc cc cc cc cc 66 0f 1f 44 00 00 8b 05 16 0c
0x000007fee277d6b4:   01 00 83 f8 40 73 0f 65 48 8b 04 c5 80 14 00 00
0x000007fee277d6c4:   ff a0 38 0a 00 00 b8 47 01 00 00 e9 ec d4 ff ff
0x000007fee277d6d4:   cc cc cc cc cc cc 66 0f 1f 44 00 00 8b 05 e6 0b 


Register to memory mapping:

RAX=0x0000000000000000 is an unknown value
RBX=0x00000000133eadf0 is an unknown value
RCX=0x0000000000000001 is an unknown value
RDX=0x00000000133eadf8 is an unknown value
RSP=0x000000000ba7f418 is an unknown value
RBP=0x0000000000000000 is an unknown value
RSI=0x00000000133ece20 is an unknown value
RDI=0x00000000133ece20 is an unknown value
R8 =0x000000000ba7f498 is an unknown value
R9 =0x000000000a9156d0 is an unknown value
R10=0x0000000010981cd0 is an unknown value
R11=0x000000000ba7f1e2 is an unknown value
R12=0x0000000000000000 is an unknown value
R13=0x000000000bf68270 is an unknown value
R14=0x000000000bf68120 is an unknown value
R15=0x0000000000000000 is an unknown value


Stack: [0x000000000b980000,0x000000000ba80000],  sp=0x000000000ba7f418,  free space=1021k
Native frames: (J=compiled Java code, j=interpreted, Vv=VM code, C=native code)
C  [OPENGL32.dll+0xdd6c4]

[error occurred during error reporting (printing native stack), id 0xc0000005]

VM_Operation (0x000000000e1ef100): Exit, mode: safepoint, requested by thread 0x000000000c7f7000


---------------  P R O C E S S  ---------------

Java Threads: ( => current thread )
  0x000000000c95b800 JavaThread "LWJGL Timer" daemon [_thread_blocked, id=1740, stack(0x00000000132b0000,0x00000000133b0000)]
  0x00000000021bf800 JavaThread "DestroyJavaVM" [_thread_blocked, id=6184, stack(0x0000000002380000,0x0000000002480000)]
  0x000000000c7f7000 JavaThread "LWJGL Application" [_thread_blocked, id=3332, stack(0x000000000e0f0000,0x000000000e1f0000)]
  0x000000000aa90800 JavaThread "Service Thread" daemon [_thread_blocked, id=4088, stack(0x000000000bce0000,0x000000000bde0000)]
  0x000000000aa87000 JavaThread "C2 CompilerThread1" daemon [_thread_blocked, id=7364, stack(0x000000000ba90000,0x000000000bb90000)]
  0x000000000aa81800 JavaThread "C2 CompilerThread0" daemon [_thread_blocked, id=5084, stack(0x000000000c2d0000,0x000000000c3d0000)]
  0x000000000aa80000 JavaThread "Attach Listener" daemon [_thread_blocked, id=3756, stack(0x000000000c100000,0x000000000c200000)]
  0x000000000aa26000 JavaThread "Finalizer" daemon [_thread_blocked, id=4960, stack(0x000000000be00000,0x000000000bf00000)]
  0x000000000aa1e800 JavaThread "Reference Handler" daemon [_thread_blocked, id=3020, stack(0x000000000bb90000,0x000000000bc90000)]

Other Threads:
=>0x000000000aa19000 VMThread [stack: 0x000000000b980000,0x000000000ba80000] [id=7968]

VM state:at safepoint (shutting down)

VM Mutex/Monitor currently owned by a thread:  ([mutex/lock_event])
[0x00000000021bd960] Threads_lock - owner thread: 0x000000000aa19000

Heap
 PSYoungGen      total 38912K, used 13191K [0x00000007d5680000, 0x00000007d8180000, 0x0000000800000000)
  eden space 33792K, 39% used [0x00000007d5680000,0x00000007d6361eb0,0x00000007d7780000)
  from space 5120K, 0% used [0x00000007d7c80000,0x00000007d7c80000,0x00000007d8180000)
  to   space 5120K, 0% used [0x00000007d7780000,0x00000007d7780000,0x00000007d7c80000)
 ParOldGen       total 87040K, used 0K [0x0000000780400000, 0x0000000785900000, 0x00000007d5680000)
  object space 87040K, 0% used [0x0000000780400000,0x0000000780400000,0x0000000785900000)
 PSPermGen       total 21504K, used 6340K [0x000000077b200000, 0x000000077c700000, 0x0000000780400000)
  object space 21504K, 29% used [0x000000077b200000,0x000000077b831098,0x000000077c700000)

Card table byte_map: [0x0000000005480000,0x00000000058b0000] byte_map_base: 0x00000000018a7000

Polling page: 0x0000000000230000

Code Cache  [0x0000000002480000, 0x00000000026f0000, 0x0000000005480000)
 total_blobs=474 nmethods=81 adapters=347 free_code_cache=48540Kb largest_free_block=49679616

Compilation events (10 events):
Event: 16.885 Thread 0x000000000aa81800   76             java.lang.String::<init> (67 bytes)
Event: 16.887 Thread 0x000000000aa81800 nmethod 76 0x00000000025189d0 code [0x0000000002518b20, 0x0000000002518d78]
Event: 17.620 Thread 0x000000000aa87000   77             java.nio.DirectByteBuffer::put (18 bytes)
Event: 17.621 Thread 0x000000000aa87000 nmethod 77 0x0000000002518750 code [0x0000000002518880, 0x0000000002518918]
Event: 20.337 Thread 0x000000000aa81800   78             java.nio.DirectIntBufferU::ix (10 bytes)
Event: 20.337 Thread 0x000000000aa81800 nmethod 78 0x0000000002518550 code [0x0000000002518680, 0x00000000025186f8]
Event: 20.737 Thread 0x000000000aa87000   79             org.lwjgl.opengl.WindowsMouse::poll (183 bytes)
Event: 20.746 Thread 0x000000000aa87000 nmethod 79 0x0000000002515bd0 code [0x0000000002515d40, 0x0000000002516258]
Event: 20.837 Thread 0x000000000aa81800   80             java.nio.Buffer::flip (20 bytes)
Event: 20.837 Thread 0x000000000aa81800 nmethod 80 0x0000000002518350 code [0x0000000002518480, 0x00000000025184f8]

GC Heap History (0 events):
No events

Deoptimization events (0 events):
No events

Internal exceptions (10 events):
Event: 1.547 Thread 0x000000000c7f7000 Threw 0x00000007d6207490 at C:\re\jdk7u60\1081\hotspot\src\share\vm\prims\jvm.cpp:1244
Event: 1.550 Thread 0x000000000c7f7000 Threw 0x00000007d620ba70 at C:\re\jdk7u60\1081\hotspot\src\share\vm\prims\jvm.cpp:1244
Event: 1.947 Thread 0x000000000c7f7000 Threw 0x00000007d62116e0 at C:\re\jdk7u60\1081\hotspot\src\share\vm\prims\jvm.cpp:1244
Event: 1.948 Thread 0x000000000c7f7000 Threw 0x00000007d6215da0 at C:\re\jdk7u60\1081\hotspot\src\share\vm\prims\jvm.cpp:1244
Event: 3.117 Thread 0x000000000c7f7000 Threw 0x00000007d6222008 at C:\re\jdk7u60\1081\hotspot\src\share\vm\prims\jvm.cpp:1244
Event: 3.118 Thread 0x000000000c7f7000 Threw 0x00000007d62265e0 at C:\re\jdk7u60\1081\hotspot\src\share\vm\prims\jvm.cpp:1244
Event: 4.102 Thread 0x000000000c7f7000 Threw 0x00000007d6234260 at C:\re\jdk7u60\1081\hotspot\src\share\vm\prims\jvm.cpp:1244
Event: 4.103 Thread 0x000000000c7f7000 Threw 0x00000007d623ecd0 at C:\re\jdk7u60\1081\hotspot\src\share\vm\prims\jvm.cpp:1244
Event: 22.251 Thread 0x000000000c7f7000 Threw 0x00000007d6338278 at C:\re\jdk7u60\1081\hotspot\src\share\vm\prims\jvm.cpp:1244
Event: 22.261 Thread 0x000000000c7f7000 Threw 0x00000007d633c6d0 at C:\re\jdk7u60\1081\hotspot\src\share\vm\prims\jvm.cpp:1244

Events (10 events):
Event: 22.281 loading class 0x00000000020fe650
Event: 22.281 loading class 0x00000000020fe650 done
Event: 22.281 loading class 0x000000000c691680
Event: 22.281 loading class 0x000000000c691680 done
Event: 22.281 loading class 0x000000000c691650
Event: 22.281 loading class 0x000000000c691610
Event: 22.281 loading class 0x000000000c691610 done
Event: 22.281 loading class 0x000000000c691650 done
Event: 22.281 Thread 0x000000000aa78800 Thread exited: 0x000000000aa78800
Event: 22.281 Executing VM operation: Exit


Dynamic libraries:
0x000000013fb80000 - 0x000000013fbb3000 	C:\Program Files\Java\jre7\bin\javaw.exe
0x0000000077760000 - 0x000000007790c000 	C:\Windows\SYSTEM32\ntdll.dll
0x00000000771e0000 - 0x00000000772ff000 	C:\Windows\system32\kernel32.dll
0x000007fefde50000 - 0x000007fefdebc000 	C:\Windows\system32\KERNELBASE.dll
0x000007feff4f0000 - 0x000007feff5cb000 	C:\Windows\system32\ADVAPI32.dll
0x000007feff840000 - 0x000007feff8df000 	C:\Windows\system32\msvcrt.dll
0x000007feff2d0000 - 0x000007feff2ef000 	C:\Windows\SYSTEM32\sechost.dll
0x000007feff2f0000 - 0x000007feff41e000 	C:\Windows\system32\RPCRT4.dll
0x0000000077450000 - 0x000000007754a000 	C:\Windows\system32\USER32.dll
0x000007feff620000 - 0x000007feff687000 	C:\Windows\system32\GDI32.dll
0x000007feff8e0000 - 0x000007feff8ee000 	C:\Windows\system32\LPK.dll
0x000007feff420000 - 0x000007feff4ea000 	C:\Windows\system32\USP10.dll
0x000007fefc7e0000 - 0x000007fefc9d4000 	C:\Windows\WinSxS\amd64_microsoft.windows.common-controls_6595b64144ccf1df_6.0.7600.16661_none_fa62ad231704eab7\COMCTL32.dll
0x000007feff740000 - 0x000007feff7b1000 	C:\Windows\system32\SHLWAPI.dll
0x000007fefdfc0000 - 0x000007fefdfee000 	C:\Windows\system32\IMM32.DLL
0x000007fefedd0000 - 0x000007fefeed9000 	C:\Windows\system32\MSCTF.dll
0x0000000053e60000 - 0x0000000053f32000 	C:\Program Files\Java\jre7\bin\msvcr100.dll
0x0000000053680000 - 0x0000000053e52000 	C:\Program Files\Java\jre7\bin\server\jvm.dll
0x000007fef4dc0000 - 0x000007fef4dc9000 	C:\Windows\system32\WSOCK32.dll
0x000007fefed80000 - 0x000007fefedcd000 	C:\Windows\system32\WS2_32.dll
0x000007feff730000 - 0x000007feff738000 	C:\Windows\system32\NSI.dll
0x000007fef5100000 - 0x000007fef513b000 	C:\Windows\system32\WINMM.dll
0x0000000077920000 - 0x0000000077927000 	C:\Windows\system32\PSAPI.DLL
0x0000000065f50000 - 0x0000000065f5f000 	C:\Program Files\Java\jre7\bin\verify.dll
0x0000000055e20000 - 0x0000000055e48000 	C:\Program Files\Java\jre7\bin\java.dll
0x0000000055f10000 - 0x0000000055f25000 	C:\Program Files\Java\jre7\bin\zip.dll
0x0000000065580000 - 0x0000000065616000 	C:\Users\Pablo Miranda\AppData\Local\Temp\libgdxPablo Miranda\7fa32aa6\gdx64.dll
0x000007fefd460000 - 0x000007fefd477000 	C:\Windows\system32\CRYPTSP.dll
0x000007fefd160000 - 0x000007fefd1a7000 	C:\Windows\system32\rsaenh.dll
0x000007fefcf10000 - 0x000007fefcf2e000 	C:\Windows\system32\USERENV.dll
0x000007fefdbd0000 - 0x000007fefdbdf000 	C:\Windows\system32\profapi.dll
0x000007fefdac0000 - 0x000007fefdacf000 	C:\Windows\system32\CRYPTBASE.dll
0x000000006b360000 - 0x000000006b379000 	C:\Program Files\Java\jre7\bin\net.dll
0x000007fefd400000 - 0x000007fefd454000 	C:\Windows\system32\mswsock.dll
0x000007fefd3f0000 - 0x000007fefd3f7000 	C:\Windows\System32\wship6.dll
0x000007fefb780000 - 0x000007fefb7a7000 	C:\Windows\system32\IPHLPAPI.DLL
0x000007fefb770000 - 0x000007fefb77b000 	C:\Windows\system32\WINNSI.DLL
0x000007fefb5b0000 - 0x000007fefb5c8000 	C:\Windows\system32\dhcpcsvc.DLL
0x000007fefb550000 - 0x000007fefb561000 	C:\Windows\system32\dhcpcsvc6.DLL
0x000000005f5e0000 - 0x000000005f5f1000 	C:\Program Files\Java\jre7\bin\nio.dll
0x0000000180000000 - 0x0000000180053000 	C:\Users\Pablo Miranda\AppData\Local\Temp\libgdxPablo Miranda\dc0f0009\lwjgl64.dll
0x000007fee26a0000 - 0x000007fee27bd000 	C:\Windows\system32\OPENGL32.dll
0x000007feee380000 - 0x000007feee3ad000 	C:\Windows\system32\GLU32.dll
0x000007fee6190000 - 0x000007fee6281000 	C:\Windows\system32\DDRAW.dll
0x000007feea9a0000 - 0x000007feea9a8000 	C:\Windows\system32\DCIMAN32.dll
0x000007fefeee0000 - 0x000007feff0b7000 	C:\Windows\system32\SETUPAPI.dll
0x000007fefddf0000 - 0x000007fefde26000 	C:\Windows\system32\CFGMGR32.dll
0x000007feff990000 - 0x000007feffa67000 	C:\Windows\system32\OLEAUT32.dll
0x000007feff0c0000 - 0x000007feff2c2000 	C:\Windows\system32\ole32.dll
0x000007fefde30000 - 0x000007fefde4a000 	C:\Windows\system32\DEVOBJ.dll
0x000007fefccd0000 - 0x000007fefcce8000 	C:\Windows\system32\dwmapi.dll
0x000007fefcd40000 - 0x000007fefcd4c000 	C:\Windows\system32\VERSION.dll
0x0000000005f20000 - 0x0000000005f84000 	C:\Users\PABLOM~1\AppData\Local\Temp\libgdxPablo Miranda\dc0f0009\OpenAL64.dll
0x000007fefdff0000 - 0x000007fefed77000 	C:\Windows\system32\SHELL32.dll
0x000007fefc460000 - 0x000007fefc4b6000 	C:\Windows\system32\uxtheme.dll
0x000007feea930000 - 0x000007feea958000 	C:\Program Files (x86)\Raptr\ltc_help64-103398.dll
0x000007fefdf60000 - 0x000007fefdf99000 	C:\Windows\system32\WINTRUST.dll
0x000007fefdc80000 - 0x000007fefddea000 	C:\Windows\system32\CRYPT32.dll
0x000007fefdc70000 - 0x000007fefdc7f000 	C:\Windows\system32\MSASN1.dll
0x000007feff690000 - 0x000007feff729000 	C:\Windows\system32\CLBCatQ.DLL
0x000007fefc4c0000 - 0x000007fefc5ec000 	C:\Windows\System32\PROPSYS.dll
0x000007feee710000 - 0x000007feee798000 	C:\Windows\system32\dsound.dll
0x000007fefccf0000 - 0x000007fefcd1c000 	C:\Windows\system32\POWRPROF.dll
0x000007fefc340000 - 0x000007fefc38b000 	C:\Windows\System32\MMDevApi.dll
0x000007fef0500000 - 0x000007fef054f000 	C:\Windows\system32\AUDIOSES.DLL
0x000007fefb750000 - 0x000007fefb768000 	C:\Windows\system32\atig6pxx.dll
0x00000000682d0000 - 0x000000006a0cd000 	C:\Windows\system32\atio6axx.dll
0x000007feea350000 - 0x000007feea491000 	C:\Windows\system32\atiadlxx.dll
0x000007fefcd20000 - 0x000007fefcd31000 	C:\Windows\system32\WTSAPI32.dll
0x000007feebbf0000 - 0x000007feebc1c000 	C:\Windows\system32\atig6txx.dll
0x000007feefb40000 - 0x000007feefbdc000 	C:\Windows\system32\mscms.dll
0x000007fee5ae0000 - 0x000007fee5b22000 	C:\Windows\system32\icm32.dll
0x000007fefdfa0000 - 0x000007fefdfb9000 	C:\Windows\system32\imagehlp.dll
0x000007fefd5e0000 - 0x000007fefd62e000 	C:\Windows\system32\ncrypt.dll
0x000007fefd5b0000 - 0x000007fefd5d2000 	C:\Windows\system32\bcrypt.dll
0x000007fefd0a0000 - 0x000007fefd0ec000 	C:\Windows\system32\bcryptprimitives.dll
0x000007fefcef0000 - 0x000007fefcf0b000 	C:\Windows\system32\GPAPI.dll
0x000007fef3a60000 - 0x000007fef3a87000 	C:\Windows\system32\cryptnet.dll
0x000007feff5d0000 - 0x000007feff620000 	C:\Windows\system32\WLDAP32.dll
0x000007fefb610000 - 0x000007fefb619000 	C:\Windows\system32\SensApi.dll
0x000007fee1c00000 - 0x000007fee1e46000 	C:\PROGRA~2\Raptr\ltc_game64-103398.dll
0x000007fef0b80000 - 0x000007fef0ca5000 	C:\Windows\system32\dbghelp.dll

VM Arguments:
jvm_args: -Dfile.encoding=Cp1252 
java_command: com.nightcap.pewpew.desktop.DesktopLauncher
Launcher Type: SUN_STANDARD

Environment Variables:
JAVA_HOME=C:\Java\jdk1.7.0_21
PATH=C:\Program Files (x86)\NVIDIA Corporation\PhysX\Common;C:\Program Files\Common Files\Microsoft Shared\Windows Live;ywin/binC:\play-2.1.0;C:\springsource\apache-maven-3.0.4\bin;C:\Program Files (x86)\AMD APP\bin\x86_64;C:\Program Files (x86)\AMD APP\bin\x86;C:\Java\jdk1.7.0_17bin;C:\Windows\system32;C:\Windows;C:\Windows\System32\Wbem;C:\Windows\System32\WindowsPowerShell\v1.0\;C:\Program Files (x86)\ATI Technologies\ATI.ACE\Core-Static;c:\Program Files (x86)\Microsoft SQL Server\100\Tools\Binn\;c:\Program Files\Microsoft SQL Server\100\Tools\Binn\;c:\Program Files\Microsoft SQL Server\100\DTS\Binn\;C:\Java\jre7\bin;C:\Ruby187\bin;C:\Java\jdk1.7.0_21\bin;C:\Program Files (x86)\scala\\bin;C:\Program Files\MiKTeX 2.9\miktex\bin\x64\;C:\MinGW\bin;C:\MinGW\msys\1.0;C:\Program Files (x86)\AMD\ATI.ACE\Core-Static;C:\HashiCorp\Vagrant\bin;C:\Program Files (x86)\MySQL\MySQL Fabric 1.5.3 & MySQL Utilities 1.5.3 1.5\;C:\Program Files (x86)\MySQL\MySQL Fabric 1.5.3 & MySQL Utilities 1.5.3 1.5\Doctrine extensions for PHP\; C:\Python27;C:\Program Files\TortoiseGit\bin;C:\Program Files (x86)\Git\cmd;C:\Ruby187\bin;C:\Cygwin\bin;C:\Python27;C:\Python27\Scripts
USERNAME=Pablo Miranda
OS=Windows_NT
PROCESSOR_IDENTIFIER=AMD64 Family 21 Model 1 Stepping 2, AuthenticAMD



---------------  S Y S T E M  ---------------

OS: Windows 7 , 64 bit Build 7600 

CPU:total 4 (4 cores per cpu, 1 threads per core) family 21 model 1 stepping 2, cmov, cx8, fxsr, mmx, sse, sse2, sse3, ssse3, sse4.1, sse4.2, popcnt, aes, mmxext, 3dnowpref, lzcnt, sse4a, tsc, tscinvbit, tscinv

Memory: 4k page, physical 8369384k(5074608k free), swap 16736864k(10925184k free)

vm_info: Java HotSpot(TM) 64-Bit Server VM (24.60-b09) for windows-amd64 JRE (1.7.0_60-b19), built on May  7 2014 12:55:18 by "java_re" with unknown MS VC++:1600

time: Mon Oct 26 22:52:11 2015
elapsed time: 22 seconds

